2020-06-25 00:12:17,295 INFO org.springframework.boot.StartupInfoLogger [main] Starting ClienteTest on AR0FVFCG1A2L415 with PID 13652 (started by frmontero in /Users/frmontero/eclipse-workspace/github/frajomon-education/dv-ds-20201c-g10)
2020-06-25 00:12:17,296 DEBUG org.springframework.boot.StartupInfoLogger [main] Running with Spring Boot v2.3.0.RELEASE, Spring v5.2.6.RELEASE
2020-06-25 00:12:17,297 INFO org.springframework.boot.SpringApplication [main] No active profile set, falling back to default profiles: default
2020-06-25 00:12:18,257 INFO org.springframework.data.repository.config.RepositoryConfigurationDelegate [main] Bootstrapping Spring Data JPA repositories in DEFERRED mode.
2020-06-25 00:12:18,324 INFO org.springframework.data.repository.config.RepositoryConfigurationDelegate [main] Finished Spring Data repository scanning in 57ms. Found 1 JPA repository interfaces.
2020-06-25 00:12:19,175 INFO org.springframework.scheduling.concurrent.ExecutorConfigurationSupport [main] Initializing ExecutorService 'applicationTaskExecutor'
2020-06-25 00:12:19,186 INFO com.zaxxer.hikari.HikariDataSource [main] HikariPool-1 - Starting...
2020-06-25 00:12:19,402 INFO com.zaxxer.hikari.HikariDataSource [main] HikariPool-1 - Start completed.
2020-06-25 00:12:19,474 INFO org.hibernate.jpa.internal.util.LogHelper [task-1] HHH000204: Processing PersistenceUnitInfo [name: default]
2020-06-25 00:12:19,529 INFO org.hibernate.Version [task-1] HHH000412: Hibernate ORM core version 5.4.15.Final
2020-06-25 00:12:19,674 INFO org.hibernate.annotations.common.reflection.java.JavaReflectionManager [task-1] HCANN000001: Hibernate Commons Annotations {5.1.0.Final}
2020-06-25 00:12:19,827 INFO org.hibernate.dialect.Dialect [task-1] HHH000400: Using dialect: org.hibernate.dialect.H2Dialect
2020-06-25 00:12:20,551 DEBUG org.hibernate.engine.jdbc.spi.SqlStatementLogger [task-1] drop table if exists clientes CASCADE 
2020-06-25 00:12:20,552 DEBUG org.hibernate.engine.jdbc.spi.SqlStatementLogger [task-1] drop sequence if exists hibernate_sequence
2020-06-25 00:12:20,555 DEBUG org.hibernate.engine.jdbc.spi.SqlStatementLogger [task-1] create sequence hibernate_sequence start with 1 increment by 1
2020-06-25 00:12:20,557 DEBUG org.hibernate.engine.jdbc.spi.SqlStatementLogger [task-1] create table clientes (cli_id bigint not null, cli_email varchar(255), cli_apellido varchar(30) not null, cli_nombre varchar(30) not null, cli_password varchar(255) not null, primary key (cli_id))
2020-06-25 00:12:20,562 DEBUG org.hibernate.engine.jdbc.spi.SqlStatementLogger [task-1] alter table clientes add constraint UK7b87nbrm1jck1x3q1mj1nhj7b unique (cli_email)
2020-06-25 00:12:20,567 INFO org.hibernate.engine.transaction.jta.platform.internal.JtaPlatformInitiator [task-1] HHH000490: Using JtaPlatform implementation: [org.hibernate.engine.transaction.jta.platform.internal.NoJtaPlatform]
2020-06-25 00:12:20,574 INFO org.springframework.orm.jpa.AbstractEntityManagerFactoryBean [task-1] Initialized JPA EntityManagerFactory for persistence unit 'default'
2020-06-25 00:12:21,195 WARN org.springframework.boot.autoconfigure.orm.jpa.JpaBaseConfiguration$JpaWebConfiguration [main] spring.jpa.open-in-view is enabled by default. Therefore, database queries may be performed during view rendering. Explicitly configure spring.jpa.open-in-view to disable this warning
2020-06-25 00:12:21,640 WARN org.springframework.boot.autoconfigure.thymeleaf.ThymeleafAutoConfiguration$DefaultTemplateResolverConfiguration [main] Cannot find template location: classpath:/templates/ (please add some templates or check your Thymeleaf configuration)
2020-06-25 00:12:21,999 INFO org.springframework.boot.actuate.endpoint.web.EndpointLinksResolver [main] Exposing 2 endpoint(s) beneath base path '/actuator'
2020-06-25 00:12:22,039 INFO org.springframework.data.repository.config.DeferredRepositoryInitializationListener [main] Triggering deferred initialization of Spring Data repositories…
2020-06-25 00:12:22,161 INFO org.springframework.data.repository.config.DeferredRepositoryInitializationListener [main] Spring Data repositories initialized!
2020-06-25 00:12:22,173 INFO org.springframework.boot.StartupInfoLogger [main] Started ClienteTest in 5.176 seconds (JVM running for 5.988)
2020-06-25 00:12:22,293 DEBUG org.hibernate.engine.jdbc.spi.SqlStatementLogger [main] select cliente0_.cli_id as cli_id1_0_0_, cliente0_.cli_email as cli_emai2_0_0_, cliente0_.cli_apellido as cli_apel3_0_0_, cliente0_.cli_nombre as cli_nomb4_0_0_, cliente0_.cli_password as cli_pass5_0_0_ from clientes cliente0_ where cliente0_.cli_id=?
2020-06-25 00:12:22,298 TRACE org.hibernate.type.descriptor.sql.BasicBinder [main] binding parameter [1] as [BIGINT] - [1]
2020-06-25 00:12:22,319 DEBUG org.hibernate.engine.jdbc.spi.SqlStatementLogger [main] select cliente0_.cli_id as cli_id1_0_0_, cliente0_.cli_email as cli_emai2_0_0_, cliente0_.cli_apellido as cli_apel3_0_0_, cliente0_.cli_nombre as cli_nomb4_0_0_, cliente0_.cli_password as cli_pass5_0_0_ from clientes cliente0_ where cliente0_.cli_id=?
2020-06-25 00:12:22,320 TRACE org.hibernate.type.descriptor.sql.BasicBinder [main] binding parameter [1] as [BIGINT] - [1]
2020-06-25 00:12:22,365 DEBUG org.hibernate.engine.jdbc.spi.SqlStatementLogger [main] update clientes set cli_email=?, cli_apellido=?, cli_nombre=?, cli_password=? where cli_id=?
2020-06-25 00:12:22,366 TRACE org.hibernate.type.descriptor.sql.BasicBinder [main] binding parameter [1] as [VARCHAR] - [abc@gmail.com]
2020-06-25 00:12:22,367 TRACE org.hibernate.type.descriptor.sql.BasicBinder [main] binding parameter [2] as [VARCHAR] - [Gupta]
2020-06-25 00:12:22,367 TRACE org.hibernate.type.descriptor.sql.BasicBinder [main] binding parameter [3] as [VARCHAR] - [Lokesh-Lokesh]
2020-06-25 00:12:22,368 TRACE org.hibernate.type.descriptor.sql.BasicBinder [main] binding parameter [4] as [VARCHAR] - [abc]
2020-06-25 00:12:22,368 TRACE org.hibernate.type.descriptor.sql.BasicBinder [main] binding parameter [5] as [BIGINT] - [1]
2020-06-25 00:12:22,513 DEBUG org.hibernate.engine.jdbc.spi.SqlStatementLogger [main] select cliente0_.cli_id as cli_id1_0_, cliente0_.cli_email as cli_emai2_0_, cliente0_.cli_apellido as cli_apel3_0_, cliente0_.cli_nombre as cli_nomb4_0_, cliente0_.cli_password as cli_pass5_0_ from clientes cliente0_
2020-06-25 00:12:22,522 DEBUG org.hibernate.engine.jdbc.spi.SqlStatementLogger [main] select cliente0_.cli_id as cli_id1_0_0_, cliente0_.cli_email as cli_emai2_0_0_, cliente0_.cli_apellido as cli_apel3_0_0_, cliente0_.cli_nombre as cli_nomb4_0_0_, cliente0_.cli_password as cli_pass5_0_0_ from clientes cliente0_ where cliente0_.cli_id=?
2020-06-25 00:12:22,523 TRACE org.hibernate.type.descriptor.sql.BasicBinder [main] binding parameter [1] as [BIGINT] - [1]
2020-06-25 00:12:22,529 DEBUG org.hibernate.engine.jdbc.spi.SqlStatementLogger [main] select cliente0_.cli_id as cli_id1_0_0_, cliente0_.cli_email as cli_emai2_0_0_, cliente0_.cli_apellido as cli_apel3_0_0_, cliente0_.cli_nombre as cli_nomb4_0_0_, cliente0_.cli_password as cli_pass5_0_0_ from clientes cliente0_ where cliente0_.cli_id=?
2020-06-25 00:12:22,529 TRACE org.hibernate.type.descriptor.sql.BasicBinder [main] binding parameter [1] as [BIGINT] - [1]
2020-06-25 00:12:22,531 DEBUG org.hibernate.engine.jdbc.spi.SqlStatementLogger [main] update clientes set cli_email=?, cli_apellido=?, cli_nombre=?, cli_password=? where cli_id=?
2020-06-25 00:12:22,532 TRACE org.hibernate.type.descriptor.sql.BasicBinder [main] binding parameter [1] as [VARCHAR] - [xyz@email.com]
2020-06-25 00:12:22,532 TRACE org.hibernate.type.descriptor.sql.BasicBinder [main] binding parameter [2] as [VARCHAR] - [Gupta]
2020-06-25 00:12:22,533 TRACE org.hibernate.type.descriptor.sql.BasicBinder [main] binding parameter [3] as [VARCHAR] - [Lokesh-Lokesh]
2020-06-25 00:12:22,534 TRACE org.hibernate.type.descriptor.sql.BasicBinder [main] binding parameter [4] as [VARCHAR] - [abc]
2020-06-25 00:12:22,534 TRACE org.hibernate.type.descriptor.sql.BasicBinder [main] binding parameter [5] as [BIGINT] - [1]
2020-06-25 00:12:22,536 WARN org.hibernate.engine.jdbc.spi.SqlExceptionHelper [main] SQL Error: 23505, SQLState: 23505
2020-06-25 00:12:22,537 ERROR org.hibernate.engine.jdbc.spi.SqlExceptionHelper [main] Violación de indice de Unicidad ó Clave primaria: "PUBLIC.UK7B87NBRM1JCK1X3Q1MJ1NHJ7B_INDEX_6 ON PUBLIC.CLIENTES(CLI_EMAIL) VALUES 2"
Unique index or primary key violation: "PUBLIC.UK7B87NBRM1JCK1X3Q1MJ1NHJ7B_INDEX_6 ON PUBLIC.CLIENTES(CLI_EMAIL) VALUES 2"; SQL statement:
update clientes set cli_email=?, cli_apellido=?, cli_nombre=?, cli_password=? where cli_id=? [23505-200]
2020-06-25 00:12:22,555 INFO org.springframework.test.context.support.AbstractTestContextBootstrapper [main] Neither @ContextConfiguration nor @ContextHierarchy found for test class [ar.edu.davinci.dvds20201cg10.DvDs20201cG10ApplicationTests], using SpringBootContextLoader
2020-06-25 00:12:22,557 INFO org.springframework.test.context.support.AbstractContextLoader [main] Could not detect default resource locations for test class [ar.edu.davinci.dvds20201cg10.DvDs20201cG10ApplicationTests]: no resource found for suffixes {-context.xml, Context.groovy}.
2020-06-25 00:12:22,557 INFO org.springframework.test.context.support.AnnotationConfigContextLoaderUtils [main] Could not detect default configuration classes for test class [ar.edu.davinci.dvds20201cg10.DvDs20201cG10ApplicationTests]: DvDs20201cG10ApplicationTests does not declare any static, non-private, non-final, nested classes annotated with @Configuration.
2020-06-25 00:12:22,562 INFO org.springframework.boot.test.context.SpringBootTestContextBootstrapper [main] Found @SpringBootConfiguration ar.edu.davinci.dvds20201cg10.DvDs20201cG10Application for test class ar.edu.davinci.dvds20201cg10.DvDs20201cG10ApplicationTests
2020-06-25 00:12:22,564 INFO org.springframework.test.context.support.AbstractTestContextBootstrapper [main] Loaded default TestExecutionListener class names from location [META-INF/spring.factories]: [org.springframework.boot.test.mock.mockito.MockitoTestExecutionListener, org.springframework.boot.test.mock.mockito.ResetMocksTestExecutionListener, org.springframework.boot.test.autoconfigure.restdocs.RestDocsTestExecutionListener, org.springframework.boot.test.autoconfigure.web.client.MockRestServiceServerResetTestExecutionListener, org.springframework.boot.test.autoconfigure.web.servlet.MockMvcPrintOnlyOnFailureTestExecutionListener, org.springframework.boot.test.autoconfigure.web.servlet.WebDriverTestExecutionListener, org.springframework.boot.test.autoconfigure.webservices.client.MockWebServiceServerTestExecutionListener, org.springframework.test.context.web.ServletTestExecutionListener, org.springframework.test.context.support.DirtiesContextBeforeModesTestExecutionListener, org.springframework.test.context.support.DependencyInjectionTestExecutionListener, org.springframework.test.context.support.DirtiesContextTestExecutionListener, org.springframework.test.context.transaction.TransactionalTestExecutionListener, org.springframework.test.context.jdbc.SqlScriptsTestExecutionListener, org.springframework.test.context.event.EventPublishingTestExecutionListener]
2020-06-25 00:12:22,565 INFO org.springframework.test.context.support.AbstractTestContextBootstrapper [main] Using TestExecutionListeners: [org.springframework.test.context.web.ServletTestExecutionListener@671da0f9, org.springframework.test.context.support.DirtiesContextBeforeModesTestExecutionListener@4d2f9e3c, org.springframework.boot.test.mock.mockito.MockitoTestExecutionListener@686b1e2d, org.springframework.boot.test.autoconfigure.SpringBootDependencyInjectionTestExecutionListener@6e7e0259, org.springframework.test.context.support.DirtiesContextTestExecutionListener@646e6d07, org.springframework.test.context.transaction.TransactionalTestExecutionListener@5501d1c8, org.springframework.test.context.jdbc.SqlScriptsTestExecutionListener@652b3733, org.springframework.test.context.event.EventPublishingTestExecutionListener@7b598d05, org.springframework.boot.test.mock.mockito.ResetMocksTestExecutionListener@6cc8c13c, org.springframework.boot.test.autoconfigure.restdocs.RestDocsTestExecutionListener@371cd2fc, org.springframework.boot.test.autoconfigure.web.client.MockRestServiceServerResetTestExecutionListener@b32e983, org.springframework.boot.test.autoconfigure.web.servlet.MockMvcPrintOnlyOnFailureTestExecutionListener@3c346c45, org.springframework.boot.test.autoconfigure.web.servlet.WebDriverTestExecutionListener@16df9bde, org.springframework.boot.test.autoconfigure.webservices.client.MockWebServiceServerTestExecutionListener@478530cb]
2020-06-25 00:12:22,598 INFO org.springframework.orm.jpa.AbstractEntityManagerFactoryBean [SpringContextShutdownHook] Closing JPA EntityManagerFactory for persistence unit 'default'
2020-06-25 00:12:22,599 INFO org.hibernate.tool.schema.internal.SchemaDropperImpl$DelayedDropActionImpl [SpringContextShutdownHook] HHH000477: Starting delayed evictData of schema as part of SessionFactory shut-down'
2020-06-25 00:12:22,600 DEBUG org.hibernate.engine.jdbc.spi.SqlStatementLogger [SpringContextShutdownHook] drop table if exists clientes CASCADE 
2020-06-25 00:12:22,603 DEBUG org.hibernate.engine.jdbc.spi.SqlStatementLogger [SpringContextShutdownHook] drop sequence if exists hibernate_sequence
2020-06-25 00:12:22,605 INFO org.springframework.scheduling.concurrent.ExecutorConfigurationSupport [SpringContextShutdownHook] Shutting down ExecutorService 'applicationTaskExecutor'
2020-06-25 00:12:22,606 INFO com.zaxxer.hikari.HikariDataSource [SpringContextShutdownHook] HikariPool-1 - Shutdown initiated...
2020-06-25 00:12:22,608 INFO com.zaxxer.hikari.HikariDataSource [SpringContextShutdownHook] HikariPool-1 - Shutdown completed.
